<?xml version="1.0" encoding="UTF-8"?>
<!-- Generated by org.testng.reporters.JUnitXMLReporter -->
<testsuite ignored="0" hostname="DESKTOP-PAFNB8L" failures="0" tests="3" name="Landing Page" time="192.496" errors="0" timestamp="2024-02-06T22:03:17 IST">
  <testcase classname="pwj.qa.ecomm.tests.LandingPageTest" name="verify_landingpageTitle" time="0.232"/>
  <testcase classname="pwj.qa.ecomm.tests.LandingPageTest" name="verify_productName" time="0.156"/>
  <testcase classname="pwj.qa.ecomm.tests.LandingPageTest" name="verify_url" time="0.018"/>
</testsuite> <!-- Landing Page -->
